e:\2016\sp4\maths for games\aiebootstrap\temp\bootstrap\release\bootstrap.pdb
e:\2016\sp4\maths for games\aiebootstrap\temp\bootstrap\release\texture.obj
e:\2016\sp4\maths for games\aiebootstrap\temp\bootstrap\release\soundmanager.obj
e:\2016\sp4\maths for games\aiebootstrap\temp\bootstrap\release\renderer2d.obj
e:\2016\sp4\maths for games\aiebootstrap\temp\bootstrap\release\input.obj
e:\2016\sp4\maths for games\aiebootstrap\temp\bootstrap\release\imgui_glfw3.obj
e:\2016\sp4\maths for games\aiebootstrap\temp\bootstrap\release\gizmos.obj
e:\2016\sp4\maths for games\aiebootstrap\temp\bootstrap\release\font.obj
e:\2016\sp4\maths for games\aiebootstrap\temp\bootstrap\release\audio.obj
e:\2016\sp4\maths for games\aiebootstrap\temp\bootstrap\release\application.obj
e:\2016\sp4\maths for games\aiebootstrap\temp\bootstrap\release\imgui_draw.obj
e:\2016\sp4\maths for games\aiebootstrap\temp\bootstrap\release\imgui.obj
e:\2016\sp4\maths for games\aiebootstrap\temp\bootstrap\release\gl_core_4_4.obj
e:\2016\sp4\maths for games\aiebootstrap\temp\bootstrap\release\bootstrap.lib
e:\2016\sp4\maths for games\aiebootstrap\temp\bootstrap\release\bootstrap.tlog\cl.command.1.tlog
e:\2016\sp4\maths for games\aiebootstrap\temp\bootstrap\release\bootstrap.tlog\cl.read.1.tlog
e:\2016\sp4\maths for games\aiebootstrap\temp\bootstrap\release\bootstrap.tlog\cl.write.1.tlog
e:\2016\sp4\maths for games\aiebootstrap\temp\bootstrap\release\bootstrap.tlog\lib-link.read.1.tlog
e:\2016\sp4\maths for games\aiebootstrap\temp\bootstrap\release\bootstrap.tlog\lib-link.write.1.tlog
e:\2016\sp4\maths for games\aiebootstrap\temp\bootstrap\release\bootstrap.tlog\lib.command.1.tlog
